Arguments: 
  C:\Program Files\nodejs\node.exe C:\Users\whoisxnio\AppData\Roaming\npm\node_modules\yarn\bin\yarn.js add axios

PATH: 
  C:\Program Files (x86)\Common Files\Oracle\Java\javapath;C:\WINDOWS\system32;C:\WINDOWS;C:\WINDOWS\System32\Wbem;C:\WINDOWS\System32\WindowsPowerShell\v1.0\;C:\WINDOWS\System32\OpenSSH\;C:\Program Files\nodejs\;C:\Program Files\Git\cmd;C:\ProgramData\chocolatey\bin;C:\Program Files\OpenJDK\openjdk-11.0.13_8\bin;C:\Android\Sdk\emulator;C:\Android\Sdk\tools;C:\Android\Sdk\tools\bin;C:\Android\Sdk\platform-tools;C:\Users\whoisxnio\AppData\Local\Yarn\bin;C:\Android\Sdk\platform-tools;C:\Program Files\Java\jdk1.8.0_211\bin;C:\MinGW\bin;C:\Dev-Cpp\MinGW64\bin;C:\Users\whoisxnio\AppData\Local\Programs\Python\Python310\Scripts\;C:\Users\whoisxnio\AppData\Local\Programs\Python\Python310\;C:\Users\whoisxnio\AppData\Local\Microsoft\WindowsApps;C:\Users\whoisxnio\AppData\Roaming\npm;C:\Users\whoisxnio\AppData\Local\Programs\Microsoft VS Code\bin;C:\Android\Sdk\platform-tools;

Yarn version: 
  1.22.17

Node version: 
  16.13.0

Platform: 
  win32 x64

Trace: 
  Error: EPERM: operation not permitted, unlink 'C:\Users\whoisxnio\Documents\react\Weather\node_modules\esbuild-windows-64\esbuild.exe'

npm manifest: 
  {
    "name": "weather",
    "version": "0.0.0",
    "scripts": {
      "dev": "vite",
      "build": "vite build",
      "preview": "vite preview"
    },
    "dependencies": {
      "react": "^17.0.2",
      "react-dom": "^17.0.2"
    },
    "devDependencies": {
      "@vitejs/plugin-react": "^1.0.7",
      "vite": "^2.7.2"
    }
  }

yarn manifest: 
  No manifest

Lockfile: 
  No lockfile
